<?xml version="1.0" encoding="UTF-8"?>
<!-- Generated by org.testng.reporters.JUnitReportReporter -->
<testsuite hostname="BiswaranjanD-PC" name="com.ebay.test.Ebay_Test" tests="1" failures="0" timestamp="20 Jul 2018 05:56:15 GMT" time="175.635" errors="0">
  <testcase name="login_ParkNow" time="175.635" classname="com.ebay.test.Ebay_Test"/>
</testsuite> <!-- com.ebay.test.Ebay_Test -->
